<?xml version="1.0" encoding="UTF-8"?>
<!-- Generated by org.testng.reporters.JUnitReportReporter -->
<testsuite skipped="0" hostname="DESKTOP-PLFJC5F" name="test.TestLogin" tests="3" failures="0" timestamp="2020-04-10T16:19:46 IST" time="51.322" errors="0">
  <testcase name="selectProduct" time="35.640" classname="test.TestLogin"/>
  <testcase name="signin" time="6.604" classname="test.TestLogin"/>
  <testcase name="amount" time="9.078" classname="test.TestLogin"/>
</testsuite> <!-- test.TestLogin -->
