<?xml version="1.0" encoding="UTF-8"?>
<!-- Generated by org.testng.reporters.JUnitReportReporter -->
<testsuite skipped="0" hostname="DESKTOP-PLFJC5F" name="test.Test" tests="1" failures="0" timestamp="2020-03-29T13:44:08 IST" time="11.752" errors="0">
  <testcase name="test" time="11.752" classname="test.Test"/>
</testsuite> <!-- test.Test -->
